<?xml version="1.0" encoding="UTF-8"?>
<!-- Generated by org.testng.reporters.JUnitReportReporter -->
<testsuite hostname="HGAJJELA02" failures="0" tests="3" name="com.crm.qa.TestRunner.TestRunnerFile" time="43.017" errors="0" timestamp="2021-03-30T10:24:03 IST" skipped="0">
  <testcase classname="com.crm.qa.TestRunner.TestRunnerFile" name="feature" time="42.707"/>
  <system-out/>
  <testcase classname="com.crm.qa.TestRunner.TestRunnerFile" name="feature" time="0.276"/>
  <system-out/>
  <testcase classname="com.crm.qa.TestRunner.TestRunnerFile" name="feature" time="0.034"/>
  <system-out/>
</testsuite> <!-- com.crm.qa.TestRunner.TestRunnerFile -->
